This is pdfTeX, Version 3.1415926-2.4-1.40.13 (TeX Live 2012) (format=pdflatex 2013.4.9)  23 OCT 2013 14:57
entering extended mode
 restricted \write18 enabled.
 %&-line parsing enabled.
**user_Guide_GAlg_4_2.tex
(./user_Guide_GAlg_4_2.tex
LaTeX2e <2011/06/27>
Babel <v3.8m> and hyphenation patterns for english, dumylang, nohyphenation, ge
rman-x-2012-05-30, ngerman-x-2012-05-30, afrikaans, ancientgreek, ibycus, arabi
c, armenian, basque, bulgarian, catalan, pinyin, coptic, croatian, czech, danis
h, dutch, ukenglish, usenglishmax, esperanto, estonian, ethiopic, farsi, finnis
h, french, friulan, galician, german, ngerman, swissgerman, monogreek, greek, h
ungarian, icelandic, assamese, bengali, gujarati, hindi, kannada, malayalam, ma
rathi, oriya, panjabi, tamil, telugu, indonesian, interlingua, irish, italian, 
kurmanji, latin, latvian, lithuanian, mongolian, mongolianlmc, bokmal, nynorsk,
 piedmontese, polish, portuguese, romanian, romansh, russian, sanskrit, serbian
, serbianc, slovak, slovenian, spanish, swedish, turkish, turkmen, ukrainian, u
ppersorbian, welsh, loaded.
(/usr/local/texlive/2012/texmf-dist/tex/latex/base/article.cls
Document Class: article 2007/10/19 v1.4h Standard LaTeX document class
(/usr/local/texlive/2012/texmf-dist/tex/latex/base/fleqn.clo
File: fleqn.clo 1998/08/17 v1.1c Standard LaTeX option (flush left equations)
\mathindent=\dimen102
)
(/usr/local/texlive/2012/texmf-dist/tex/latex/base/size12.clo
File: size12.clo 2007/10/19 v1.4h Standard LaTeX file (size option)
)
\c@part=\count79
\c@section=\count80
\c@subsection=\count81
\c@subsubsection=\count82
\c@paragraph=\count83
\c@subparagraph=\count84
\c@figure=\count85
\c@table=\count86
\abovecaptionskip=\skip41
\belowcaptionskip=\skip42
\bibindent=\dimen103
)
(/usr/local/texlive/2012/texmf-dist/tex/latex/draftcopy/draftcopy.sty
Package: draftcopy 2002/02/25 v2.16
\draftcopy@hour=\count87
\draftcopy@minute=\count88

(/usr/local/texlive/2012/texmf-dist/tex/latex/draftcopy/draftcopy.cfg)
Prints DRAFT on pages; does not show in your DVI viewer
) (/usr/local/texlive/2012/texmf-dist/tex/latex/tools/ftnright.sty
Package: ftnright 2010/02/25 v1.1f footnote layout package (FMi)
\rcol@footinsskip=\skip43
\ftn@amount=\dimen104
)
(/usr/local/texlive/2012/texmf-dist/tex/latex/graphics/graphicx.sty
Package: graphicx 1999/02/16 v1.0f Enhanced LaTeX Graphics (DPC,SPQR)

(/usr/local/texlive/2012/texmf-dist/tex/latex/graphics/keyval.sty
Package: keyval 1999/03/16 v1.13 key=value parser (DPC)
\KV@toks@=\toks14
)
(/usr/local/texlive/2012/texmf-dist/tex/latex/graphics/graphics.sty
Package: graphics 2009/02/05 v1.0o Standard LaTeX Graphics (DPC,SPQR)

(/usr/local/texlive/2012/texmf-dist/tex/latex/graphics/trig.sty
Package: trig 1999/03/16 v1.09 sin cos tan (DPC)
)
(/usr/local/texlive/2012/texmf-dist/tex/latex/latexconfig/graphics.cfg
File: graphics.cfg 2010/04/23 v1.9 graphics configuration of TeX Live
)
Package graphics Info: Driver file: pdftex.def on input line 91.

(/usr/local/texlive/2012/texmf-dist/tex/latex/pdftex-def/pdftex.def
File: pdftex.def 2011/05/27 v0.06d Graphics/color for pdfTeX

(/usr/local/texlive/2012/texmf-dist/tex/generic/oberdiek/infwarerr.sty
Package: infwarerr 2010/04/08 v1.3 Providing info/warning/error messages (HO)
)
(/usr/local/texlive/2012/texmf-dist/tex/generic/oberdiek/ltxcmds.sty
Package: ltxcmds 2011/11/09 v1.22 LaTeX kernel commands for general use (HO)
)
\Gread@gobject=\count89
))
\Gin@req@height=\dimen105
\Gin@req@width=\dimen106
)
(/usr/local/texlive/2012/texmf-dist/tex/generic/babel/babel.sty
Package: babel 2008/07/08 v3.8m The Babel package

(/usr/local/texlive/2012/texmf-dist/tex/generic/babel/english.ldf
Language: english 2005/03/30 v3.3o English support from the babel system

(/usr/local/texlive/2012/texmf-dist/tex/generic/babel/babel.def
File: babel.def 2008/07/08 v3.8m Babel common definitions
\babel@savecnt=\count90
\U@D=\dimen107
)
\l@canadian = a dialect from \language\l@american 
\l@australian = a dialect from \language\l@british 
\l@newzealand = a dialect from \language\l@british 
))
(/usr/local/texlive/2012/texmf-dist/tex/latex/amsmath/amsmath.sty
Package: amsmath 2013/01/14 v2.14 AMS math features
\@mathmargin=\skip44

For additional information on amsmath, use the `?' option.
(/usr/local/texlive/2012/texmf-dist/tex/latex/amsmath/amstext.sty
Package: amstext 2000/06/29 v2.01

(/usr/local/texlive/2012/texmf-dist/tex/latex/amsmath/amsgen.sty
File: amsgen.sty 1999/11/30 v2.0
\@emptytoks=\toks15
\ex@=\dimen108
))
(/usr/local/texlive/2012/texmf-dist/tex/latex/amsmath/amsbsy.sty
Package: amsbsy 1999/11/29 v1.2d
\pmbraise@=\dimen109
)
(/usr/local/texlive/2012/texmf-dist/tex/latex/amsmath/amsopn.sty
Package: amsopn 1999/12/14 v2.01 operator names
)
\inf@bad=\count91
LaTeX Info: Redefining \frac on input line 210.
\uproot@=\count92
\leftroot@=\count93
LaTeX Info: Redefining \overline on input line 306.
\classnum@=\count94
\DOTSCASE@=\count95
LaTeX Info: Redefining \ldots on input line 378.
LaTeX Info: Redefining \dots on input line 381.
LaTeX Info: Redefining \cdots on input line 466.
\Mathstrutbox@=\box26
\strutbox@=\box27
\big@size=\dimen110
LaTeX Font Info:    Redeclaring font encoding OML on input line 566.
LaTeX Font Info:    Redeclaring font encoding OMS on input line 567.
\macc@depth=\count96
\c@MaxMatrixCols=\count97
\dotsspace@=\muskip10
\c@parentequation=\count98
\dspbrk@lvl=\count99
\tag@help=\toks16
\row@=\count100
\column@=\count101
\maxfields@=\count102
\andhelp@=\toks17
\eqnshift@=\dimen111
\alignsep@=\dimen112
\tagshift@=\dimen113
\tagwidth@=\dimen114
\totwidth@=\dimen115
\lineht@=\dimen116
\@envbody=\toks18
\multlinegap=\skip45
\multlinetaggap=\skip46
\mathdisplay@stack=\toks19
LaTeX Info: Redefining \[ on input line 2665.
LaTeX Info: Redefining \] on input line 2666.
)
(/usr/local/texlive/2012/texmf-dist/tex/latex/amscls/amsthm.sty
Package: amsthm 2004/08/06 v2.20
\thm@style=\toks20
\thm@bodyfont=\toks21
\thm@headfont=\toks22
\thm@notefont=\toks23
\thm@headpunct=\toks24
\thm@preskip=\skip47
\thm@postskip=\skip48
\thm@headsep=\skip49
\dth@everypar=\toks25
)
(/usr/local/texlive/2012/../texmf-local/tex/latex/local/pctex/mtpro2/mtpro2.sty
Package: mtpro2 2006/05/03 v1.1 MathTimePro II font support (PCTeX/WaS)
\c@mv@heavy=\count103
\pointcount@=\count104
LaTeX Info: Redefining \mathfrak on input line 208.
\prePbox@=\box28
\Pbox@=\box29
\LRbox@=\box30
\HATbox@=\box31
\TDbox@=\box32
\CHbox@=\box33
\preSbox@=\box34
\Sbox@=\box35
\SQcount@=\count105
\SQRTbox@=\box36
\UPROOT@=\count106
\LEFTROOT@=\count107
\limtype@=\count108
\xlfont@=\count109
\xlposition@=\count110
\xlposition@ii=\count111
\optype@=\count112
\x@count=\count113
\maxXLscripts@=\dimen117
\symAMSa=\mathgroup4
) (/usr/local/texlive/2012/texmf-dist/tex/latex/tools/xspace.sty
Package: xspace 2009/10/20 v1.13 Space after command names (DPC,MH)
)
(./user_Guide_GAlg_4_2.aux)
\openout1 = `user_Guide_GAlg_4_2.aux'.


(/usr/local/texlive/2012/texmf-dist/tex/latex/base/ts1cmr.fd
File: ts1cmr.fd 1999/05/25 v2.5h Standard LaTeX font definitions
)
(/usr/local/texlive/2012/texmf-dist/tex/context/base/supp-pdf.mkii
[Loading MPS to PDF converter (version 2006.09.02).]
\scratchcounter=\count114
\scratchdimen=\dimen118
\scratchbox=\box37
\nofMPsegments=\count115
\nofMParguments=\count116
\everyMPshowfont=\toks26
\MPscratchCnt=\count117
\MPscratchDim=\dimen119
\MPnumerator=\count118
\makeMPintoPDFobject=\count119
\everyMPtoPDFconversion=\toks27
) (/usr/local/texlive/2012/texmf-dist/tex/generic/oberdiek/pdftexcmds.sty
Package: pdftexcmds 2011/11/29 v0.20 Utility functions of pdfTeX for LuaTeX (HO
)

(/usr/local/texlive/2012/texmf-dist/tex/generic/oberdiek/ifluatex.sty
Package: ifluatex 2010/03/01 v1.3 Provides the ifluatex switch (HO)
Package ifluatex Info: LuaTeX not detected.
)
(/usr/local/texlive/2012/texmf-dist/tex/generic/oberdiek/ifpdf.sty
Package: ifpdf 2011/01/30 v2.3 Provides the ifpdf switch (HO)
Package ifpdf Info: pdfTeX in PDF mode is detected.
)
Package pdftexcmds Info: LuaTeX not detected.
Package pdftexcmds Info: \pdf@primitive is available.
Package pdftexcmds Info: \pdf@ifprimitive is available.
Package pdftexcmds Info: \pdfdraftmode found.
)
(/usr/local/texlive/2012/texmf-dist/tex/latex/oberdiek/epstopdf-base.sty
Package: epstopdf-base 2010/02/09 v2.5 Base part for package epstopdf

(/usr/local/texlive/2012/texmf-dist/tex/latex/oberdiek/grfext.sty
Package: grfext 2010/08/19 v1.1 Manage graphics extensions (HO)

(/usr/local/texlive/2012/texmf-dist/tex/generic/oberdiek/kvdefinekeys.sty
Package: kvdefinekeys 2011/04/07 v1.3 Define keys (HO)
))
(/usr/local/texlive/2012/texmf-dist/tex/latex/oberdiek/kvoptions.sty
Package: kvoptions 2011/06/30 v3.11 Key value format for package options (HO)

(/usr/local/texlive/2012/texmf-dist/tex/generic/oberdiek/kvsetkeys.sty
Package: kvsetkeys 2012/04/25 v1.16 Key value parser (HO)

(/usr/local/texlive/2012/texmf-dist/tex/generic/oberdiek/etexcmds.sty
Package: etexcmds 2011/02/16 v1.5 Avoid name clashes with e-TeX commands (HO)
Package etexcmds Info: Could not find \expanded.
(etexcmds)             That can mean that you are not using pdfTeX 1.50 or
(etexcmds)             that some package has redefined \expanded.
(etexcmds)             In the latter case, load this package earlier.
)))
Package grfext Info: Graphics extension search list:
(grfext)             [.png,.pdf,.jpg,.mps,.jpeg,.jbig2,.jb2,.PNG,.PDF,.JPG,.JPE
G,.JBIG2,.JB2,.eps]
(grfext)             \AppendGraphicsExtensions on input line 452.

(/usr/local/texlive/2012/texmf-dist/tex/latex/latexconfig/epstopdf-sys.cfg
File: epstopdf-sys.cfg 2010/07/13 v1.3 Configuration of (r)epstopdf for TeX Liv
e
))
<BelLogo.pdf, id=1, 1287.81125pt x 656.4525pt>
File: BelLogo.pdf Graphic file (type pdf)
 <use BelLogo.pdf>
Package pdftex.def Info: BelLogo.pdf used on input line 332.
(pdftex.def)             Requested size: 227.62204pt x 116.0228pt.

Underfull \vbox (badness 10000) has occurred while \output is active []

 [1{/usr/local/texlive/2012/texmf-var/fonts/map/pdftex/updmap/pdftex.map}


Non-PDF special ignored!

 <./BelLogo.pdf>]
Underfull \hbox (badness 1102) in paragraph at lines 414--423
\T1/txr/m/n/12 com^^?bine sur^^?vival of the fittest among
 []

[2]
(/usr/local/texlive/2012/../texmf-local/tex/latex/local/pctex/mtpro2/umt2hrb.fd
File: umt2hrb.fd 2006/05/03 v1.1 MathTimePro II Holey Roman Bold (PCTeX/WaS)
)
Underfull \hbox (badness 1303) in paragraph at lines 489--513
\T1/txr/m/n/12 at an in^^?stance $\LMP1/mtt/m/it/12 t[]$\T1/txr/m/n/12 , where 
$\LMP1/mtt/m/it/12 R$ \T1/txr/m/n/12 is the num^^?ber of
 []

[3]
Overfull \hbox (10.48718pt too wide) detected at line 563
 []$[] \LMP2/mtt/m/n/12 D \LMP1/mtt/m/it/12 a[][][].\U/mt2hrb/m/it/12 X\LMP1/mt
t/m/it/12 / \LMP2/mtt/m/n/12 C []\LMP1/mtt/m/it/12 .\U/mt2hrb/m/it/12 ^^D\LMP1/
mtt/m/it/12 / \LMP2/mtt/m/n/12 ^^@ \LMP1/mtt/m/it/12 2 [].\U/mt2hrb/m/it/12 X\L
MP1/mtt/m/it/12 ; \U/mt2hrb/m/it/12 ^^D\LMP1/mtt/m/it/12 /[];  $ 
 []


Overfull \hbox (6.38785pt too wide) detected at line 658
 []$[] \LMP2/mtt/m/n/10.95 D \LMP1/mtt/m/it/10.95 a[][][].\U/mt2hrb/m/it/10.95 
X[]\LMP1/mtt/m/it/10.95 / \LMP2/mtt/m/n/10.95 C []\LMP1/mtt/m/it/10.95 .\U/mt2h
rb/m/it/10.95 ^^D[]\LMP1/mtt/m/it/10.95 / \LMP2/mtt/m/n/10.95 ^^@ \LMP1/mtt/m/i
t/10.95 2 [].\U/mt2hrb/m/it/10.95 X[]\LMP1/mtt/m/it/10.95 ; \U/mt2hrb/m/it/10.9
5 ^^D[]\LMP1/mtt/m/it/10.95 /[]:  $ 
 []


Underfull \hbox (badness 2990) in paragraph at lines 663--668
[]\T1/txr/bx/n/12 Whenever the two resid^^?ual er^^?rors $\U/mt2hrb/m/it/12 e[]
$ \T1/txr/bx/n/12 and
 []


Underfull \hbox (badness 2435) in paragraph at lines 663--668
\U/mt2hrb/m/it/12 e[]$ \T1/txr/bx/n/12 act in^^?de^^?pen^^?dent of one an^^?oth
er, then, by
 []


Underfull \hbox (badness 1789) in paragraph at lines 663--668
\T1/txr/bx/n/12 def^^?i^^?ni^^?tion, their co^^?vari^^?ance will be zero, viz.,

 []


Underfull \hbox (badness 1248) in paragraph at lines 663--668
[] \T1/txr/bx/n/12 which sig^^?nif^^?i^^?cantly sim^^?pli^^?fies
 []

[4]
Overfull \hbox (6.4864pt too wide) detected at line 721
 []$[] \LMP2/mtt/m/n/10.95 D \LMP1/mtt/m/it/10.95 a[][][].\U/mt2hrb/m/it/10.95 
X[]\LMP1/mtt/m/it/10.95 / \LMP2/mtt/m/n/10.95 C []\LMP1/mtt/m/it/10.95 .\U/mt2h
rb/m/it/10.95 ^^D[]\LMP1/mtt/m/it/10.95 / \LMP2/mtt/m/n/10.95 ^^@ \LMP1/mtt/m/i
t/10.95 2 [].\U/mt2hrb/m/it/10.95 X[]\LMP1/mtt/m/it/10.95 ; \U/mt2hrb/m/it/10.9
5 ^^D[]\LMP1/mtt/m/it/10.95 /[];  $ 
 []

(/usr/local/texlive/2012/../texmf-local/tex/latex/local/pctex/mtpro2/umt2ms.fd
File: umt2ms.fd 2006/05/03 v1.1 MathTimePro II Script (PCTeX/WaS)
) [5]
Underfull \hbox (badness 1783) in paragraph at lines 805--819
\T1/txr/bx/n/12 for pa^^?ram^^?e^^?ter op^^?ti^^?miza^^?tion. They get passed
 []


Underfull \vbox (badness 10000) has occurred while \output is active []

 [6]
Underfull \hbox (badness 1337) in paragraph at lines 872--874
\T1/txr/bx/n/12 which im^^?ple^^?ments def^^?i^^?ni^^?tions \T1/txtt/m/n/12 Bel
.Entity \T1/txr/bx/n/12 and
 []


Underfull \hbox (badness 1072) in paragraph at lines 944--955
\T1/txr/bx/n/12 pair of con^^?stants \T1/txtt/m/n/12 max^^?Prob^^?a^^?bil^^?i^^
?ty^^?Of^^?Mu^^?ta^^?tion
 []

[7] [8]
Underfull \hbox (badness 1394) in paragraph at lines 1048--1058
\T1/txr/bx/n/12 the pro^^?ce^^?dure \T1/txtt/m/n/12 Crossover\T1/txr/bx/n/12 , 
which is called by
 []

[9]
Underfull \hbox (badness 1320) in paragraph at lines 1168--1171
\T1/txr/bx/n/12 ward their re^^?quests down to its chro^^?mo^^?somes,
 []


Underfull \vbox (badness 10000) has occurred while \output is active []

 [10]
Underfull \hbox (badness 1205) in paragraph at lines 1225--1228
[]\T1/txr/bx/n/12 Two in^^?di^^?vid^^?u^^?als can be dis^^?cerned as be^^?ing
 []


Underfull \hbox (badness 1320) in paragraph at lines 1255--1268
\T1/txr/bx/n/12 up^^?dates the coun^^?ters \T1/txtt/m/n/12 num^^?berOf^^?Mu^^?t
a^^?tions \T1/txr/bx/n/12 and
 []


Underfull \vbox (badness 10000) has occurred while \output is active []

 [11]
Underfull \hbox (badness 10000) in paragraph at lines 1311--1315
[]\T1/txr/bx/n/12 Module \T1/txtt/m/n/12 Bel^^?GAlg.Colonies \T1/txr/bx/n/12 ex
^^?ports two
 []


Underfull \hbox (badness 1325) in paragraph at lines 1329--1331
[]\T1/txr/bx/n/12 Method \T1/txtt/m/n/12 Pa^^?ram^^?e^^?ters \T1/txr/bx/n/12 re
^^?turns the phe^^?no^^?type
 []


Underfull \vbox (badness 10000) has occurred while \output is active []


Underfull \hbox (badness 10000) in paragraph at lines 1352--1364
\T1/txr/bx/n/12 Module \T1/txtt/m/n/12 Bel^^?GAlg.GeneticAlgorithm \T1/txr/bx/n
/12 ex^^?ports
 []


Underfull \hbox (badness 1715) in paragraph at lines 1365--1370
[]\T1/txr/bx/n/12 The first ar^^?gu^^?ment of both \T1/txtt/m/n/12 Op^^?ti^^?mi
ze \T1/txr/bx/n/12 and
 []

[12]
Underfull \vbox (badness 10000) has occurred while \output is active []


Underfull \vbox (badness 10000) has occurred while \output is active []

 [13]
<gaExample.pdf, id=70, 794.97pt x 614.295pt>
File: gaExample.pdf Graphic file (type pdf)
 <use gaExample.pdf>
Package pdftex.def Info: gaExample.pdf used on input line 1555.
(pdftex.def)             Requested size: 220.92824pt x 170.71652pt.

(/usr/local/texlive/2012/texmf-dist/tex/latex/txfonts/ts1txr.fd
File: ts1txr.fd 2000/12/15 v3.1
) [14 <./gaExample.pdf>]
Underfull \hbox (badness 3168) in paragraph at lines 1603--1606
\T1/txr/m/n/10 Bug fixes. Pro^^?ce^^?dures \T1/txtt/m/n/10 Ge^^?net^^?i^^?cAl^^
?go^^?rithm.Optimize
 []

(./user_Guide_GAlg_4_2.bbl
Underfull \hbox (badness 3579) in paragraph at lines 12--15
\T1/txr/m/n/10 Zürich, Switzer^^?land, 4th ed., avail^^?able on^^?line at
 []

[15]) [16

] (/usr/local/texlive/2012/texmf-dist/tex/latex/base/t1cmtt.fd
File: t1cmtt.fd 1999/05/25 v2.5h Standard LaTeX font definitions
)
Underfull \vbox (badness 10000) has occurred while \output is active []

 [17

]
[18]
Underfull \vbox (badness 1681) has occurred while \output is active []

 [19]
Underfull \vbox (badness 4378) has occurred while \output is active []

 [20]
[21] [22] (./user_Guide_GAlg_4_2.aux) ) 
Here is how much of TeX's memory you used:
 3623 strings out of 493481
 47295 string characters out of 3140966
 114555 words of memory out of 3000000
 6795 multiletter control sequences out of 15000+200000
 142091 words of font info for 140 fonts, out of 3000000 for 9000
 957 hyphenation exceptions out of 8191
 38i,27n,24p,341b,271s stack positions out of 5000i,500n,10000p,200000b,50000s
{/usr/local/texlive/2012/texmf-dist/font
s/enc/dvips/cm-super/cm-super-t1.enc}{/usr/local/texlive/2012/texmf-dist/fonts/
enc/dvips/base/8r.enc}</usr/local/texlive/2012/texmf-dist/fonts/type1/public/am
sfonts/cm/cmr10.pfb></usr/local/texlive/2012/texmf-dist/fonts/type1/public/amsf
onts/cm/cmr12.pfb></usr/local/texlive/2012/texmf-dist/fonts/type1/public/amsfon
ts/cm/cmtt12.pfb></usr/local/texlive/2012/../texmf-local/fonts/type1/local/pcte
x/mtpro2/mt2exa.pfb></usr/local/texlive/2012/../texmf-local/fonts/type1/local/p
ctex/mtpro2/mt2exe.pfb></usr/local/texlive/2012/../texmf-local/fonts/type1/loca
l/pctex/mtpro2/mt2hbit.pfb></usr/local/texlive/2012/../texmf-local/fonts/type1/
local/pctex/mtpro2/mt2hrbt.pfb></usr/local/texlive/2012/../texmf-local/fonts/ty
pe1/local/pctex/mtpro2/mt2mct.pfb></usr/local/texlive/2012/../texmf-local/fonts
/type1/local/pctex/mtpro2/mt2mif.pfb></usr/local/texlive/2012/../texmf-local/fo
nts/type1/local/pctex/mtpro2/mt2mis.pfb></usr/local/texlive/2012/../texmf-local
/fonts/type1/local/pctex/mtpro2/mt2mit.pfb></usr/local/texlive/2012/../texmf-lo
cal/fonts/type1/local/pctex/mtpro2/mt2sys.pfb></usr/local/texlive/2012/../texmf
-local/fonts/type1/local/pctex/mtpro2/mt2syt.pfb></usr/local/texlive/2012/texmf
-dist/fonts/type1/public/txfonts/rtcxr.pfb></usr/local/texlive/2012/texmf-dist/
fonts/type1/public/txfonts/rtxi.pfb></usr/local/texlive/2012/texmf-dist/fonts/t
ype1/public/txfonts/rtxr.pfb></usr/local/texlive/2012/texmf-dist/fonts/type1/pu
blic/txfonts/rtxsc.pfb></usr/local/texlive/2012/texmf-dist/fonts/type1/public/c
m-super/sftt1200.pfb></usr/local/texlive/2012/texmf-dist/fonts/type1/public/txf
onts/t1xbtt.pfb></usr/local/texlive/2012/texmf-dist/fonts/type1/public/txfonts/
t1xbtt.pfb></usr/local/texlive/2012/texmf-dist/fonts/type1/public/txfonts/t1xtt
.pfb></usr/local/texlive/2012/texmf-dist/fonts/type1/public/txfonts/t1xtt.pfb><
/usr/local/texlive/2012/texmf-dist/fonts/type1/urw/helvetic/uhvr8a.pfb></usr/lo
cal/texlive/2012/texmf-dist/fonts/type1/urw/times/utmb8a.pfb></usr/local/texliv
e/2012/texmf-dist/fonts/type1/urw/times/utmr8a.pfb></usr/local/texlive/2012/tex
mf-dist/fonts/type1/urw/times/utmr8a.pfb></usr/local/texlive/2012/texmf-dist/fo
nts/type1/urw/times/utmri8a.pfb>
Output written on user_Guide_GAlg_4_2.pdf (22 pages, 330880 bytes).
PDF statistics:
 195 PDF objects out of 1000 (max. 8388607)
 140 compressed objects within 2 object streams
 0 named destinations out of 1000 (max. 500000)
 11 words of extra memory for PDF output out of 10000 (max. 10000000)

